[18:43:49] [Datafixer Bootstrap/INFO]: 278 Datafixer optimizations took 1044 milliseconds
[18:43:57] [Render thread/INFO]: Environment: Environment[sessionHost=https://sessionserver.mojang.com, servicesHost=https://api.minecraftservices.com, profilesHost=https://api.mojang.com, name=PROD]
[18:43:57] [Render thread/INFO]: Setting user: TestPlayer
[18:43:58] [Render thread/INFO]: Backend library: LWJGL version 3.3.3+5
[18:43:59] [Download-2/ERROR]: Failed to fetch user properties
com.mojang.authlib.exceptions.InvalidCredentialsException: Status: 401
	at com.mojang.authlib.exceptions.MinecraftClientHttpException.toAuthenticationException(MinecraftClientHttpException.java:59) ~[authlib-7.0.61.jar:?]
	at com.mojang.authlib.yggdrasil.YggdrasilUserApiService.fetchProperties(YggdrasilUserApiService.java:150) ~[authlib-7.0.61.jar:?]
	at fzz.bL(SourceFile:465) ~[1.21.10.jar:?]
	at java.base/java.util.concurrent.CompletableFuture$AsyncSupply.run(CompletableFuture.java:1768) ~[?:?]
	at java.base/java.util.concurrent.ThreadPoolExecutor.runWorker(ThreadPoolExecutor.java:1144) ~[?:?]
	at java.base/java.util.concurrent.ThreadPoolExecutor$Worker.run(ThreadPoolExecutor.java:642) ~[?:?]
	at java.base/java.lang.Thread.run(Thread.java:1583) [?:?]
Caused by: com.mojang.authlib.exceptions.MinecraftClientHttpException: Status: 401
	at com.mojang.authlib.minecraft.client.MinecraftClient.readInputStream(MinecraftClient.java:103) ~[authlib-7.0.61.jar:?]
	at com.mojang.authlib.minecraft.client.MinecraftClient.get(MinecraftClient.java:56) ~[authlib-7.0.61.jar:?]
	at com.mojang.authlib.yggdrasil.YggdrasilUserApiService.fetchProperties(YggdrasilUserApiService.java:121) ~[authlib-7.0.61.jar:?]
	... 5 more
[18:43:59] [Render thread/INFO]: Using optional rendering extensions: GL_ARB_buffer_storage, GL_KHR_debug, GL_ARB_vertex_attrib_binding, GL_ARB_direct_state_access
[18:44:00] [Render thread/ERROR]: Error while loading the narrator
com.mojang.text2speech.Narrator$InitializeException: Failed to load library flite
	at com.mojang.text2speech.NarratorLinux$FliteLibrary.loadNative(NarratorLinux.java:81) ~[text2speech-1.18.11.jar:?]
	at com.mojang.text2speech.NarratorLinux.<init>(NarratorLinux.java:18) ~[text2speech-1.18.11.jar:?]
	at com.mojang.text2speech.Narrator.getNarrator(Narrator.java:41) [text2speech-1.18.11.jar:?]
	at fzq.<init>(SourceFile:20) [1.21.10.jar:?]
	at fzz.<init>(SourceFile:705) [1.21.10.jar:?]
	at net.minecraft.client.main.Main.main(SourceFile:234) [1.21.10.jar:?]
Caused by: java.lang.UnsatisfiedLinkError: Unable to load library 'flite':
libflite.so: cannot open shared object file: No such file or directory
libflite.so: cannot open shared object file: No such file or directory
Native library (linux-x86-64/libflite.so) not found in resource path (/workspaces/Minecraft-GitHub-edition-attempt1/minecraft/libraries/com/fasterxml/jackson/core/jackson-annotations/2.13.4/jackson-annotations-2.13.4.jar:/workspaces/Minecraft-GitHub-edition-attempt1/minecraft/libraries/com/fasterxml/jackson/core/jackson-core/2.13.4/jackson-core-2.13.4.jar:/workspaces/Minecraft-GitHub-edition-attempt1/minecraft/libraries/com/fasterxml/jackson/core/jackson-databind/2.13.4.2/jackson-databind-2.13.4.2.jar:/workspaces/Minecraft-GitHub-edition-attempt1/minecraft/libraries/com/github/oshi/oshi-core/6.6.5/oshi-core-6.6.5.jar:/workspaces/Minecraft-GitHub-edition-attempt1/minecraft/libraries/com/github/stephenc/jcip/jcip-annotations/1.0-1/jcip-annotations-1.0-1.jar:/workspaces/Minecraft-GitHub-edition-attempt1/minecraft/libraries/com/google/code/gson/gson/2.11.0/gson-2.11.0.jar:/workspaces/Minecraft-GitHub-edition-attempt1/minecraft/libraries/com/google/guava/failureaccess/1.0.2/failureaccess-1.0.2.jar:/workspaces/Minecraft-GitHub-edition-attempt1/minecraft/libraries/com/google/guava/guava/33.3.1-jre/guava-33.3.1-jre.jar:/workspaces/Minecraft-GitHub-edition-attempt1/minecraft/libraries/com/ibm/icu/icu4j/76.1/icu4j-76.1.jar:/workspaces/Minecraft-GitHub-edition-attempt1/minecraft/libraries/com/microsoft/azure/msal4j/1.17.2/msal4j-1.17.2.jar:/workspaces/Minecraft-GitHub-edition-attempt1/minecraft/libraries/com/mojang/authlib/7.0.61/authlib-7.0.61.jar:/workspaces/Minecraft-GitHub-edition-attempt1/minecraft/libraries/com/mojang/blocklist/1.0.10/blocklist-1.0.10.jar:/workspaces/Minecraft-GitHub-edition-attempt1/minecraft/libraries/com/mojang/brigadier/1.3.10/brigadier-1.3.10.jar:/workspaces/Minecraft-GitHub-edition-attempt1/minecraft/libraries/com/mojang/datafixerupper/8.0.16/datafixerupper-8.0.16.jar:/workspaces/Minecraft-GitHub-edition-attempt1/minecraft/libraries/com/mojang/jtracy/1.0.36/jtracy-1.0.36.jar:/workspaces/Minecraft-GitHub-edition-attempt1/minecraft/libraries/com/mojang/jtracy/1.0.36/jtracy-1.0.36-natives-linux.jar:/workspaces/Minecraft-GitHub-edition-attempt1/minecraft/libraries/com/mojang/logging/1.5.10/logging-1.5.10.jar:/workspaces/Minecraft-GitHub-edition-attempt1/minecraft/libraries/com/mojang/patchy/2.2.10/patchy-2.2.10.jar:/workspaces/Minecraft-GitHub-edition-attempt1/minecraft/libraries/com/mojang/text2speech/1.18.11/text2speech-1.18.11.jar:/workspaces/Minecraft-GitHub-edition-attempt1/minecraft/libraries/com/nimbusds/content-type/2.3/content-type-2.3.jar:/workspaces/Minecraft-GitHub-edition-attempt1/minecraft/libraries/com/nimbusds/lang-tag/1.7/lang-tag-1.7.jar:/workspaces/Minecraft-GitHub-edition-attempt1/minecraft/libraries/com/nimbusds/nimbus-jose-jwt/9.40/nimbus-jose-jwt-9.40.jar:/workspaces/Minecraft-GitHub-edition-attempt1/minecraft/libraries/com/nimbusds/oauth2-oidc-sdk/11.18/oauth2-oidc-sdk-11.18.jar:/workspaces/Minecraft-GitHub-edition-attempt1/minecraft/libraries/commons-codec/commons-codec/1.17.1/commons-codec-1.17.1.jar:/workspaces/Minecraft-GitHub-edition-attempt1/minecraft/libraries/commons-io/commons-io/2.17.0/commons-io-2.17.0.jar:/workspaces/Minecraft-GitHub-edition-attempt1/minecraft/libraries/commons-logging/commons-logging/1.3.4/commons-logging-1.3.4.jar:/workspaces/Minecraft-GitHub-edition-attempt1/minecraft/libraries/io/netty/netty-buffer/4.1.118.Final/netty-buffer-4.1.118.Final.jar:/workspaces/Minecraft-GitHub-edition-attempt1/minecraft/libraries/io/netty/netty-codec-http/4.1.118.Final/netty-codec-http-4.1.118.Final.jar:/workspaces/Minecraft-GitHub-edition-attempt1/minecraft/libraries/io/netty/netty-codec/4.1.118.Final/netty-codec-4.1.118.Final.jar:/workspaces/Minecraft-GitHub-edition-attempt1/minecraft/libraries/io/netty/netty-common/4.1.118.Final/netty-common-4.1.118.Final.jar:/workspaces/Minecraft-GitHub-edition-attempt1/minecraft/libraries/io/netty/netty-handler/4.1.118.Final/netty-handler-4.1.118.Final.jar:/workspaces/Minecraft-GitHub-edition-attempt1/minecraft/libraries/io/netty/netty-resolver/4.1.118.Final/netty-resolver-4.1.118.Final.jar:/workspaces/Minecraft-GitHub-edition-attempt1/minecraft/libraries/io/netty/netty-transport-classes-epoll/4.1.118.Final/netty-transport-classes-epoll-4.1.118.Final.jar:/workspaces/Minecraft-GitHub-edition-attempt1/minecraft/libraries/io/netty/netty-transport-native-epoll/4.1.118.Final/netty-transport-native-epoll-4.1.118.Final-linux-aarch_64.jar:/workspaces/Minecraft-GitHub-edition-attempt1/minecraft/libraries/io/netty/netty-transport-native-epoll/4.1.118.Final/netty-transport-native-epoll-4.1.118.Final-linux-x86_64.jar:/workspaces/Minecraft-GitHub-edition-attempt1/minecraft/libraries/io/netty/netty-transport-native-unix-common/4.1.118.Final/netty-transport-native-unix-common-4.1.118.Final.jar:/workspaces/Minecraft-GitHub-edition-attempt1/minecraft/libraries/io/netty/netty-transport/4.1.118.Final/netty-transport-4.1.118.Final.jar:/workspaces/Minecraft-GitHub-edition-attempt1/minecraft/libraries/it/unimi/dsi/fastutil/8.5.15/fastutil-8.5.15.jar:/workspaces/Minecraft-GitHub-edition-attempt1/minecraft/libraries/net/java/dev/jna/jna-platform/5.15.0/jna-platform-5.15.0.jar:/workspaces/Minecraft-GitHub-edition-attempt1/minecraft/libraries/net/java/dev/jna/jna/5.15.0/jna-5.15.0.jar:/workspaces/Minecraft-GitHub-edition-attempt1/minecraft/libraries/net/minidev/accessors-smart/2.5.1/accessors-smart-2.5.1.jar:/workspaces/Minecraft-GitHub-edition-attempt1/minecraft/libraries/net/minidev/json-smart/2.5.1/json-smart-2.5.1.jar:/workspaces/Minecraft-GitHub-edition-attempt1/minecraft/libraries/net/sf/jopt-simple/jopt-simple/5.0.4/jopt-simple-5.0.4.jar:/workspaces/Minecraft-GitHub-edition-attempt1/minecraft/libraries/org/apache/commons/commons-compress/1.27.1/commons-compress-1.27.1.jar:/workspaces/Minecraft-GitHub-edition-attempt1/minecraft/libraries/org/apache/commons/commons-lang3/3.17.0/commons-lang3-3.17.0.jar:/workspaces/Minecraft-GitHub-edition-attempt1/minecraft/libraries/org/apache/httpcomponents/httpclient/4.5.14/httpclient-4.5.14.jar:/workspaces/Minecraft-GitHub-edition-attempt1/minecraft/libraries/org/apache/httpcomponents/httpcore/4.4.16/httpcore-4.4.16.jar:/workspaces/Minecraft-GitHub-edition-attempt1/minecraft/libraries/org/apache/logging/log4j/log4j-api/2.24.1/log4j-api-2.24.1.jar:/workspaces/Minecraft-GitHub-edition-attempt1/minecraft/libraries/org/apache/logging/log4j/log4j-core/2.24.1/log4j-core-2.24.1.jar:/workspaces/Minecraft-GitHub-edition-attempt1/minecraft/libraries/org/apache/logging/log4j/log4j-slf4j2-impl/2.24.1/log4j-slf4j2-impl-2.24.1.jar:/workspaces/Minecraft-GitHub-edition-attempt1/minecraft/libraries/org/jcraft/jorbis/0.0.17/jorbis-0.0.17.jar:/workspaces/Minecraft-GitHub-edition-attempt1/minecraft/libraries/org/joml/joml/1.10.8/joml-1.10.8.jar:/workspaces/Minecraft-GitHub-edition-attempt1/minecraft/libraries/org/lwjgl/lwjgl-freetype/3.3.3/lwjgl-freetype-3.3.3.jar:/workspaces/Minecraft-GitHub-edition-attempt1/minecraft/libraries/org/lwjgl/lwjgl-freetype/3.3.3/lwjgl-freetype-3.3.3-natives-linux.jar:/workspaces/Minecraft-GitHub-edition-attempt1/minecraft/libraries/org/lwjgl/lwjgl-glfw/3.3.3/lwjgl-glfw-3.3.3.jar:/workspaces/Minecraft-GitHub-edition-attempt1/minecraft/libraries/org/lwjgl/lwjgl-glfw/3.3.3/lwjgl-glfw-3.3.3-natives-linux.jar:/workspaces/Minecraft-GitHub-edition-attempt1/minecraft/libraries/org/lwjgl/lwjgl-jemalloc/3.3.3/lwjgl-jemalloc-3.3.3.jar:/workspaces/Minecraft-GitHub-edition-attempt1/minecraft/libraries/org/lwjgl/lwjgl-jemalloc/3.3.3/lwjgl-jemalloc-3.3.3-natives-linux.jar:/workspaces/Minecraft-GitHub-edition-attempt1/minecraft/libraries/org/lwjgl/lwjgl-openal/3.3.3/lwjgl-openal-3.3.3.jar:/workspaces/Minecraft-GitHub-edition-attempt1/minecraft/libraries/org/lwjgl/lwjgl-openal/3.3.3/lwjgl-openal-3.3.3-natives-linux.jar:/workspaces/Minecraft-GitHub-edition-attempt1/minecraft/libraries/org/lwjgl/lwjgl-opengl/3.3.3/lwjgl-opengl-3.3.3.jar:/workspaces/Minecraft-GitHub-edition-attempt1/minecraft/libraries/org/lwjgl/lwjgl-opengl/3.3.3/lwjgl-opengl-3.3.3-natives-linux.jar:/workspaces/Minecraft-GitHub-edition-attempt1/minecraft/libraries/org/lwjgl/lwjgl-stb/3.3.3/lwjgl-stb-3.3.3.jar:/workspaces/Minecraft-GitHub-edition-attempt1/minecraft/libraries/org/lwjgl/lwjgl-stb/3.3.3/lwjgl-stb-3.3.3-natives-linux.jar:/workspaces/Minecraft-GitHub-edition-attempt1/minecraft/libraries/org/lwjgl/lwjgl-tinyfd/3.3.3/lwjgl-tinyfd-3.3.3.jar:/workspaces/Minecraft-GitHub-edition-attempt1/minecraft/libraries/org/lwjgl/lwjgl-tinyfd/3.3.3/lwjgl-tinyfd-3.3.3-natives-linux.jar:/workspaces/Minecraft-GitHub-edition-attempt1/minecraft/libraries/org/lwjgl/lwjgl/3.3.3/lwjgl-3.3.3.jar:/workspaces/Minecraft-GitHub-edition-attempt1/minecraft/libraries/org/lwjgl/lwjgl/3.3.3/lwjgl-3.3.3-natives-linux.jar:/workspaces/Minecraft-GitHub-edition-attempt1/minecraft/libraries/org/lz4/lz4-java/1.8.0/lz4-java-1.8.0.jar:/workspaces/Minecraft-GitHub-edition-attempt1/minecraft/libraries/org/ow2/asm/asm/9.6/asm-9.6.jar:/workspaces/Minecraft-GitHub-edition-attempt1/minecraft/libraries/org/slf4j/slf4j-api/2.0.16/slf4j-api-2.0.16.jar:/workspaces/Minecraft-GitHub-edition-attempt1/minecraft/versions/1.21.10/1.21.10.jar)
	at com.sun.jna.NativeLibrary.loadLibrary(NativeLibrary.java:325) ~[jna-5.15.0.jar:5.15.0 (b0)]
	at com.sun.jna.NativeLibrary.getInstance(NativeLibrary.java:481) ~[jna-5.15.0.jar:5.15.0 (b0)]
	at com.sun.jna.NativeLibrary.getInstance(NativeLibrary.java:423) ~[jna-5.15.0.jar:5.15.0 (b0)]
	at com.mojang.text2speech.NarratorLinux$FliteLibrary.loadNative(NarratorLinux.java:79) ~[text2speech-1.18.11.jar:?]
	... 5 more
	Suppressed: java.lang.UnsatisfiedLinkError: libflite.so: cannot open shared object file: No such file or directory
		at com.sun.jna.Native.open(Native Method) ~[jna-5.15.0.jar:5.15.0 (b0)]
		at com.sun.jna.NativeLibrary.loadLibrary(NativeLibrary.java:213) ~[jna-5.15.0.jar:5.15.0 (b0)]
		at com.sun.jna.NativeLibrary.getInstance(NativeLibrary.java:481) ~[jna-5.15.0.jar:5.15.0 (b0)]
		at com.sun.jna.NativeLibrary.getInstance(NativeLibrary.java:423) ~[jna-5.15.0.jar:5.15.0 (b0)]
		at com.mojang.text2speech.NarratorLinux$FliteLibrary.loadNative(NarratorLinux.java:79) ~[text2speech-1.18.11.jar:?]
		at com.mojang.text2speech.NarratorLinux.<init>(NarratorLinux.java:18) ~[text2speech-1.18.11.jar:?]
		at com.mojang.text2speech.Narrator.getNarrator(Narrator.java:41) [text2speech-1.18.11.jar:?]
		at fzq.<init>(SourceFile:20) [1.21.10.jar:?]
		at fzz.<init>(SourceFile:705) [1.21.10.jar:?]
		at net.minecraft.client.main.Main.main(SourceFile:234) [1.21.10.jar:?]
	Suppressed: java.lang.UnsatisfiedLinkError: libflite.so: cannot open shared object file: No such file or directory
		at com.sun.jna.Native.open(Native Method) ~[jna-5.15.0.jar:5.15.0 (b0)]
		at com.sun.jna.NativeLibrary.loadLibrary(NativeLibrary.java:226) ~[jna-5.15.0.jar:5.15.0 (b0)]
		at com.sun.jna.NativeLibrary.getInstance(NativeLibrary.java:481) ~[jna-5.15.0.jar:5.15.0 (b0)]
		at com.sun.jna.NativeLibrary.getInstance(NativeLibrary.java:423) ~[jna-5.15.0.jar:5.15.0 (b0)]
		at com.mojang.text2speech.NarratorLinux$FliteLibrary.loadNative(NarratorLinux.java:79) ~[text2speech-1.18.11.jar:?]
		at com.mojang.text2speech.NarratorLinux.<init>(NarratorLinux.java:18) ~[text2speech-1.18.11.jar:?]
		at com.mojang.text2speech.Narrator.getNarrator(Narrator.java:41) [text2speech-1.18.11.jar:?]
		at fzq.<init>(SourceFile:20) [1.21.10.jar:?]
		at fzz.<init>(SourceFile:705) [1.21.10.jar:?]
		at net.minecraft.client.main.Main.main(SourceFile:234) [1.21.10.jar:?]
	Suppressed: java.io.IOException: Native library (linux-x86-64/libflite.so) not found in resource path (/workspaces/Minecraft-GitHub-edition-attempt1/minecraft/libraries/com/fasterxml/jackson/core/jackson-annotations/2.13.4/jackson-annotations-2.13.4.jar:/workspaces/Minecraft-GitHub-edition-attempt1/minecraft/libraries/com/fasterxml/jackson/core/jackson-core/2.13.4/jackson-core-2.13.4.jar:/workspaces/Minecraft-GitHub-edition-attempt1/minecraft/libraries/com/fasterxml/jackson/core/jackson-databind/2.13.4.2/jackson-databind-2.13.4.2.jar:/workspaces/Minecraft-GitHub-edition-attempt1/minecraft/libraries/com/github/oshi/oshi-core/6.6.5/oshi-core-6.6.5.jar:/workspaces/Minecraft-GitHub-edition-attempt1/minecraft/libraries/com/github/stephenc/jcip/jcip-annotations/1.0-1/jcip-annotations-1.0-1.jar:/workspaces/Minecraft-GitHub-edition-attempt1/minecraft/libraries/com/google/code/gson/gson/2.11.0/gson-2.11.0.jar:/workspaces/Minecraft-GitHub-edition-attempt1/minecraft/libraries/com/google/guava/failureaccess/1.0.2/failureaccess-1.0.2.jar:/workspaces/Minecraft-GitHub-edition-attempt1/minecraft/libraries/com/google/guava/guava/33.3.1-jre/guava-33.3.1-jre.jar:/workspaces/Minecraft-GitHub-edition-attempt1/minecraft/libraries/com/ibm/icu/icu4j/76.1/icu4j-76.1.jar:/workspaces/Minecraft-GitHub-edition-attempt1/minecraft/libraries/com/microsoft/azure/msal4j/1.17.2/msal4j-1.17.2.jar:/workspaces/Minecraft-GitHub-edition-attempt1/minecraft/libraries/com/mojang/authlib/7.0.61/authlib-7.0.61.jar:/workspaces/Minecraft-GitHub-edition-attempt1/minecraft/libraries/com/mojang/blocklist/1.0.10/blocklist-1.0.10.jar:/workspaces/Minecraft-GitHub-edition-attempt1/minecraft/libraries/com/mojang/brigadier/1.3.10/brigadier-1.3.10.jar:/workspaces/Minecraft-GitHub-edition-attempt1/minecraft/libraries/com/mojang/datafixerupper/8.0.16/datafixerupper-8.0.16.jar:/workspaces/Minecraft-GitHub-edition-attempt1/minecraft/libraries/com/mojang/jtracy/1.0.36/jtracy-1.0.36.jar:/workspaces/Minecraft-GitHub-edition-attempt1/minecraft/libraries/com/mojang/jtracy/1.0.36/jtracy-1.0.36-natives-linux.jar:/workspaces/Minecraft-GitHub-edition-attempt1/minecraft/libraries/com/mojang/logging/1.5.10/logging-1.5.10.jar:/workspaces/Minecraft-GitHub-edition-attempt1/minecraft/libraries/com/mojang/patchy/2.2.10/patchy-2.2.10.jar:/workspaces/Minecraft-GitHub-edition-attempt1/minecraft/libraries/com/mojang/text2speech/1.18.11/text2speech-1.18.11.jar:/workspaces/Minecraft-GitHub-edition-attempt1/minecraft/libraries/com/nimbusds/content-type/2.3/content-type-2.3.jar:/workspaces/Minecraft-GitHub-edition-attempt1/minecraft/libraries/com/nimbusds/lang-tag/1.7/lang-tag-1.7.jar:/workspaces/Minecraft-GitHub-edition-attempt1/minecraft/libraries/com/nimbusds/nimbus-jose-jwt/9.40/nimbus-jose-jwt-9.40.jar:/workspaces/Minecraft-GitHub-edition-attempt1/minecraft/libraries/com/nimbusds/oauth2-oidc-sdk/11.18/oauth2-oidc-sdk-11.18.jar:/workspaces/Minecraft-GitHub-edition-attempt1/minecraft/libraries/commons-codec/commons-codec/1.17.1/commons-codec-1.17.1.jar:/workspaces/Minecraft-GitHub-edition-attempt1/minecraft/libraries/commons-io/commons-io/2.17.0/commons-io-2.17.0.jar:/workspaces/Minecraft-GitHub-edition-attempt1/minecraft/libraries/commons-logging/commons-logging/1.3.4/commons-logging-1.3.4.jar:/workspaces/Minecraft-GitHub-edition-attempt1/minecraft/libraries/io/netty/netty-buffer/4.1.118.Final/netty-buffer-4.1.118.Final.jar:/workspaces/Minecraft-GitHub-edition-attempt1/minecraft/libraries/io/netty/netty-codec-http/4.1.118.Final/netty-codec-http-4.1.118.Final.jar:/workspaces/Minecraft-GitHub-edition-attempt1/minecraft/libraries/io/netty/netty-codec/4.1.118.Final/netty-codec-4.1.118.Final.jar:/workspaces/Minecraft-GitHub-edition-attempt1/minecraft/libraries/io/netty/netty-common/4.1.118.Final/netty-common-4.1.118.Final.jar:/workspaces/Minecraft-GitHub-edition-attempt1/minecraft/libraries/io/netty/netty-handler/4.1.118.Final/netty-handler-4.1.118.Final.jar:/workspaces/Minecraft-GitHub-edition-attempt1/minecraft/libraries/io/netty/netty-resolver/4.1.118.Final/netty-resolver-4.1.118.Final.jar:/workspaces/Minecraft-GitHub-edition-attempt1/minecraft/libraries/io/netty/netty-transport-classes-epoll/4.1.118.Final/netty-transport-classes-epoll-4.1.118.Final.jar:/workspaces/Minecraft-GitHub-edition-attempt1/minecraft/libraries/io/netty/netty-transport-native-epoll/4.1.118.Final/netty-transport-native-epoll-4.1.118.Final-linux-aarch_64.jar:/workspaces/Minecraft-GitHub-edition-attempt1/minecraft/libraries/io/netty/netty-transport-native-epoll/4.1.118.Final/netty-transport-native-epoll-4.1.118.Final-linux-x86_64.jar:/workspaces/Minecraft-GitHub-edition-attempt1/minecraft/libraries/io/netty/netty-transport-native-unix-common/4.1.118.Final/netty-transport-native-unix-common-4.1.118.Final.jar:/workspaces/Minecraft-GitHub-edition-attempt1/minecraft/libraries/io/netty/netty-transport/4.1.118.Final/netty-transport-4.1.118.Final.jar:/workspaces/Minecraft-GitHub-edition-attempt1/minecraft/libraries/it/unimi/dsi/fastutil/8.5.15/fastutil-8.5.15.jar:/workspaces/Minecraft-GitHub-edition-attempt1/minecraft/libraries/net/java/dev/jna/jna-platform/5.15.0/jna-platform-5.15.0.jar:/workspaces/Minecraft-GitHub-edition-attempt1/minecraft/libraries/net/java/dev/jna/jna/5.15.0/jna-5.15.0.jar:/workspaces/Minecraft-GitHub-edition-attempt1/minecraft/libraries/net/minidev/accessors-smart/2.5.1/accessors-smart-2.5.1.jar:/workspaces/Minecraft-GitHub-edition-attempt1/minecraft/libraries/net/minidev/json-smart/2.5.1/json-smart-2.5.1.jar:/workspaces/Minecraft-GitHub-edition-attempt1/minecraft/libraries/net/sf/jopt-simple/jopt-simple/5.0.4/jopt-simple-5.0.4.jar:/workspaces/Minecraft-GitHub-edition-attempt1/minecraft/libraries/org/apache/commons/commons-compress/1.27.1/commons-compress-1.27.1.jar:/workspaces/Minecraft-GitHub-edition-attempt1/minecraft/libraries/org/apache/commons/commons-lang3/3.17.0/commons-lang3-3.17.0.jar:/workspaces/Minecraft-GitHub-edition-attempt1/minecraft/libraries/org/apache/httpcomponents/httpclient/4.5.14/httpclient-4.5.14.jar:/workspaces/Minecraft-GitHub-edition-attempt1/minecraft/libraries/org/apache/httpcomponents/httpcore/4.4.16/httpcore-4.4.16.jar:/workspaces/Minecraft-GitHub-edition-attempt1/minecraft/libraries/org/apache/logging/log4j/log4j-api/2.24.1/log4j-api-2.24.1.jar:/workspaces/Minecraft-GitHub-edition-attempt1/minecraft/libraries/org/apache/logging/log4j/log4j-core/2.24.1/log4j-core-2.24.1.jar:/workspaces/Minecraft-GitHub-edition-attempt1/minecraft/libraries/org/apache/logging/log4j/log4j-slf4j2-impl/2.24.1/log4j-slf4j2-impl-2.24.1.jar:/workspaces/Minecraft-GitHub-edition-attempt1/minecraft/libraries/org/jcraft/jorbis/0.0.17/jorbis-0.0.17.jar:/workspaces/Minecraft-GitHub-edition-attempt1/minecraft/libraries/org/joml/joml/1.10.8/joml-1.10.8.jar:/workspaces/Minecraft-GitHub-edition-attempt1/minecraft/libraries/org/lwjgl/lwjgl-freetype/3.3.3/lwjgl-freetype-3.3.3.jar:/workspaces/Minecraft-GitHub-edition-attempt1/minecraft/libraries/org/lwjgl/lwjgl-freetype/3.3.3/lwjgl-freetype-3.3.3-natives-linux.jar:/workspaces/Minecraft-GitHub-edition-attempt1/minecraft/libraries/org/lwjgl/lwjgl-glfw/3.3.3/lwjgl-glfw-3.3.3.jar:/workspaces/Minecraft-GitHub-edition-attempt1/minecraft/libraries/org/lwjgl/lwjgl-glfw/3.3.3/lwjgl-glfw-3.3.3-natives-linux.jar:/workspaces/Minecraft-GitHub-edition-attempt1/minecraft/libraries/org/lwjgl/lwjgl-jemalloc/3.3.3/lwjgl-jemalloc-3.3.3.jar:/workspaces/Minecraft-GitHub-edition-attempt1/minecraft/libraries/org/lwjgl/lwjgl-jemalloc/3.3.3/lwjgl-jemalloc-3.3.3-natives-linux.jar:/workspaces/Minecraft-GitHub-edition-attempt1/minecraft/libraries/org/lwjgl/lwjgl-openal/3.3.3/lwjgl-openal-3.3.3.jar:/workspaces/Minecraft-GitHub-edition-attempt1/minecraft/libraries/org/lwjgl/lwjgl-openal/3.3.3/lwjgl-openal-3.3.3-natives-linux.jar:/workspaces/Minecraft-GitHub-edition-attempt1/minecraft/libraries/org/lwjgl/lwjgl-opengl/3.3.3/lwjgl-opengl-3.3.3.jar:/workspaces/Minecraft-GitHub-edition-attempt1/minecraft/libraries/org/lwjgl/lwjgl-opengl/3.3.3/lwjgl-opengl-3.3.3-natives-linux.jar:/workspaces/Minecraft-GitHub-edition-attempt1/minecraft/libraries/org/lwjgl/lwjgl-stb/3.3.3/lwjgl-stb-3.3.3.jar:/workspaces/Minecraft-GitHub-edition-attempt1/minecraft/libraries/org/lwjgl/lwjgl-stb/3.3.3/lwjgl-stb-3.3.3-natives-linux.jar:/workspaces/Minecraft-GitHub-edition-attempt1/minecraft/libraries/org/lwjgl/lwjgl-tinyfd/3.3.3/lwjgl-tinyfd-3.3.3.jar:/workspaces/Minecraft-GitHub-edition-attempt1/minecraft/libraries/org/lwjgl/lwjgl-tinyfd/3.3.3/lwjgl-tinyfd-3.3.3-natives-linux.jar:/workspaces/Minecraft-GitHub-edition-attempt1/minecraft/libraries/org/lwjgl/lwjgl/3.3.3/lwjgl-3.3.3.jar:/workspaces/Minecraft-GitHub-edition-attempt1/minecraft/libraries/org/lwjgl/lwjgl/3.3.3/lwjgl-3.3.3-natives-linux.jar:/workspaces/Minecraft-GitHub-edition-attempt1/minecraft/libraries/org/lz4/lz4-java/1.8.0/lz4-java-1.8.0.jar:/workspaces/Minecraft-GitHub-edition-attempt1/minecraft/libraries/org/ow2/asm/asm/9.6/asm-9.6.jar:/workspaces/Minecraft-GitHub-edition-attempt1/minecraft/libraries/org/slf4j/slf4j-api/2.0.16/slf4j-api-2.0.16.jar:/workspaces/Minecraft-GitHub-edition-attempt1/minecraft/versions/1.21.10/1.21.10.jar)
		at com.sun.jna.Native.extractFromResourcePath(Native.java:1141) ~[jna-5.15.0.jar:5.15.0 (b0)]
		at com.sun.jna.NativeLibrary.loadLibrary(NativeLibrary.java:297) ~[jna-5.15.0.jar:5.15.0 (b0)]
		at com.sun.jna.NativeLibrary.getInstance(NativeLibrary.java:481) ~[jna-5.15.0.jar:5.15.0 (b0)]
		at com.sun.jna.NativeLibrary.getInstance(NativeLibrary.java:423) ~[jna-5.15.0.jar:5.15.0 (b0)]
		at com.mojang.text2speech.NarratorLinux$FliteLibrary.loadNative(NarratorLinux.java:79) ~[text2speech-1.18.11.jar:?]
		at com.mojang.text2speech.NarratorLinux.<init>(NarratorLinux.java:18) ~[text2speech-1.18.11.jar:?]
		at com.mojang.text2speech.Narrator.getNarrator(Narrator.java:41) [text2speech-1.18.11.jar:?]
		at fzq.<init>(SourceFile:20) [1.21.10.jar:?]
		at fzz.<init>(SourceFile:705) [1.21.10.jar:?]
		at net.minecraft.client.main.Main.main(SourceFile:234) [1.21.10.jar:?]
[18:44:00] [Render thread/INFO]: Reloading ResourceManager: vanilla
[18:44:00] [Download-2/INFO]: Could not authorize you against Realms server: java.lang.RuntimeException: Failed to parse into SignedJWT: 0493aeb9-d918-3b18-9d41-333fdfe9682e
[18:44:00] [Download-2/ERROR]: Failed to fetch Realms feature flags
fwt: Realms authentication error with message 'java.lang.RuntimeException: Failed to parse into SignedJWT: 0493aeb9-d918-3b18-9d41-333fdfe9682e'
	at fun.a(SourceFile:536) ~[1.21.10.jar:?]
	at fun.o(SourceFile:189) ~[1.21.10.jar:?]
	at java.base/java.util.concurrent.CompletableFuture$AsyncSupply.run(CompletableFuture.java:1768) ~[?:?]
	at java.base/java.util.concurrent.ThreadPoolExecutor.runWorker(ThreadPoolExecutor.java:1144) ~[?:?]
	at java.base/java.util.concurrent.ThreadPoolExecutor$Worker.run(ThreadPoolExecutor.java:642) ~[?:?]
	at java.base/java.lang.Thread.run(Thread.java:1583) [?:?]
[18:44:02] [Worker-Main-1/INFO]: Found unifont_all_no_pua-16.0.03.hex, loading
[18:44:02] [Worker-Main-1/INFO]: Found unifont_jp_patch-16.0.03.hex, loading
[18:44:02] [Worker-Main-1/INFO]: Found unifont_pua-16.0.03.hex, loading
[18:44:07] [Render thread/ERROR]: Error starting SoundSystem. Turning off sounds & music
java.lang.IllegalStateException: Failed to open OpenAL device
	at fra.a(SourceFile:297) ~[1.21.10.jar:?]
	at fra.a(SourceFile:154) ~[1.21.10.jar:?]
	at ihn.i(SourceFile:118) ~[1.21.10.jar:?]
	at ihn.a(SourceFile:108) ~[1.21.10.jar:?]
	at ihq.a(SourceFile:122) ~[1.21.10.jar:?]
	at ihq.a(SourceFile:41) ~[1.21.10.jar:?]
	at bau.a(SourceFile:15) ~[1.21.10.jar:?]
	at java.base/java.util.concurrent.CompletableFuture$UniAccept.tryFire(CompletableFuture.java:718) ~[?:?]
	at java.base/java.util.concurrent.CompletableFuture$Completion.run(CompletableFuture.java:482) ~[?:?]
	at bav.a(SourceFile:60) ~[1.21.10.jar:?]
	at cae.d(SourceFile:168) [1.21.10.jar:?]
	at caj.d(SourceFile:23) [1.21.10.jar:?]
	at cae.G(SourceFile:142) [1.21.10.jar:?]
	at cae.bR(SourceFile:123) [1.21.10.jar:?]
	at fzz.c(SourceFile:1340) [1.21.10.jar:?]
	at fzz.j(SourceFile:969) [1.21.10.jar:?]
	at net.minecraft.client.main.Main.main(SourceFile:250) [1.21.10.jar:?]
[18:44:07] [Render thread/INFO]: Created: 512x256x0 minecraft:textures/atlas/particles.png-atlas
[18:44:07] [Render thread/INFO]: Created: 128x64x0 minecraft:textures/atlas/decorated_pot.png-atlas
[18:44:07] [Render thread/INFO]: Created: 2048x1024x0 minecraft:textures/atlas/armor_trims.png-atlas
[18:44:07] [Render thread/INFO]: Created: 512x256x0 minecraft:textures/atlas/paintings.png-atlas
[18:44:07] [Render thread/INFO]: Created: 512x512x0 minecraft:textures/atlas/shield_patterns.png-atlas
[18:44:07] [Render thread/INFO]: Created: 1024x512x4 minecraft:textures/atlas/blocks.png-atlas
[18:44:07] [Render thread/INFO]: Created: 512x256x0 minecraft:textures/atlas/chest.png-atlas
[18:44:07] [Render thread/INFO]: Created: 512x512x0 minecraft:textures/atlas/banner_patterns.png-atlas
[18:44:07] [Render thread/INFO]: Created: 512x256x0 minecraft:textures/atlas/beds.png-atlas
[18:44:07] [Render thread/INFO]: Created: 1024x512x0 minecraft:textures/atlas/gui.png-atlas
[18:44:07] [Render thread/INFO]: Created: 64x64x0 minecraft:textures/atlas/map_decorations.png-atlas
[18:44:07] [Render thread/INFO]: Created: 256x256x0 minecraft:textures/atlas/signs.png-atlas
[18:44:07] [Render thread/INFO]: Created: 512x256x0 minecraft:textures/atlas/shulker_boxes.png-atlas
[18:44:08] [IO-Worker-1/INFO]: Could not authorize you against Realms server: java.lang.RuntimeException: Failed to parse into SignedJWT: 0493aeb9-d918-3b18-9d41-333fdfe9682e
[18:44:08] [IO-Worker-1/ERROR]: Couldn't connect to realms
fwt: Realms authentication error with message 'java.lang.RuntimeException: Failed to parse into SignedJWT: 0493aeb9-d918-3b18-9d41-333fdfe9682e'
	at fun.a(SourceFile:536) ~[1.21.10.jar:?]
	at fun.i(SourceFile:316) ~[1.21.10.jar:?]
	at fuh.c(SourceFile:49) ~[1.21.10.jar:?]
	at java.base/java.util.concurrent.CompletableFuture$AsyncSupply.run(CompletableFuture.java:1768) ~[?:?]
	at java.base/java.util.concurrent.ThreadPoolExecutor.runWorker(ThreadPoolExecutor.java:1144) ~[?:?]
	at java.base/java.util.concurrent.ThreadPoolExecutor$Worker.run(ThreadPoolExecutor.java:642) ~[?:?]
	at java.base/java.lang.Thread.run(Thread.java:1583) [?:?]
[18:44:10] [Render thread/ERROR]: ########## GL ERROR ##########
[18:44:10] [Render thread/ERROR]: @ Render
[18:44:10] [Render thread/ERROR]: 65547: X11: Standard cursor shape unavailable
